-------------------------------------------------------------------------------
Test set: com.mycompnay.app.MyFirstJunitTests
-------------------------------------------------------------------------------
Tests run: 1, Failures: 1, Errors: 0, Skipped: 0, Time elapsed: 0.001 s <<< FAILURE! - in com.mycompnay.app.MyFirstJunitTests
evalExp(com.mycompnay.app.MyFirstJunitTests)  Time elapsed: 0 s  <<< FAILURE!
java.lang.AssertionError: expected:<7> but was:<6>
	at com.mycompnay.app.MyFirstJunitTests.evalExp(MyFirstJunitTests.java:15)

